[debug] [2017-12-18T06:02:19.766Z] ----------------------------------------------------------------------
[debug] [2017-12-18T06:02:19.766Z] Command:       C:\Program Files\nodejs\node.exe C:\Users\eddie.francl\AppData\Roaming\npm\node_modules\firebase-tools\bin\firebase serve
[debug] [2017-12-18T06:02:19.766Z] CLI Version:   3.16.0
[debug] [2017-12-18T06:02:19.766Z] Platform:      win32
[debug] [2017-12-18T06:02:19.781Z] Node Version:  v6.11.1
[debug] [2017-12-18T06:02:19.781Z] Time:          Mon Dec 18 2017 00:02:19 GMT-0600 (Central Standard Time)
[debug] [2017-12-18T06:02:19.781Z] ----------------------------------------------------------------------
[debug] 
[debug] [2017-12-18T06:02:19.797Z] > command requires scopes: ["email","openid","https://www.googleapis.com/auth/cloudplatformprojects.readonly","https://www.googleapis.com/auth/firebase","https://www.googleapis.com/auth/cloud-platform"]
[debug] [2017-12-18T06:02:19.797Z] > authorizing via signed-in user
[debug] [2017-12-18T06:02:19.797Z] >>> HTTP REQUEST GET https://admin.firebase.com/v1/projects/eddietest-72f69  
  
 Mon Dec 18 2017 00:02:19 GMT-0600 (Central Standard Time)
[debug] [2017-12-18T06:02:20.160Z] <<< HTTP RESPONSE 200
[debug] [2017-12-18T06:02:20.160Z] >>> HTTP REQUEST GET https://admin.firebase.com/v1/database/eddietest-72f69/tokens  
  
 Mon Dec 18 2017 00:02:20 GMT-0600 (Central Standard Time)
[debug] [2017-12-18T06:02:20.607Z] <<< HTTP RESPONSE 200
[info] 
[info] === Serving from 'C:\Users\eddie.francl\nghttp01'...
[info] 
[debug] [2017-12-18T06:02:20.623Z] >>> HTTP REQUEST GET https://cloudresourcemanager.googleapis.com/v1/projects/eddietest-72f69  
  
 Mon Dec 18 2017 00:02:20 GMT-0600 (Central Standard Time)
[debug] [2017-12-18T06:02:20.883Z] <<< HTTP RESPONSE 200
[debug] [2017-12-18T06:02:20.884Z] >>> HTTP REQUEST GET https://mobilesdk-pa.googleapis.com/v1/projects/880537733844/clients/_:getWebAppConfig  
  
 Mon Dec 18 2017 00:02:20 GMT-0600 (Central Standard Time)
[debug] [2017-12-18T06:02:21.322Z] <<< HTTP RESPONSE 200
[info] i  hosting: Serving hosting files from: dist
[info] +  hosting: Local server: http://localhost:5000

